[Startup] Conda environment detected. For live terminal output under conda run, prefer: conda run --no-capture-output -n thesis_gpu python -m src.model1.train_brain_mri ... or activate first with: conda activate thesis_gpu
[Data] Training samples: 5600
[Data] Validation samples: 1600
[Data] Classes: glioma_tumor, meningioma_tumor, no_tumor, pituitary_tumor
[Device] Using cuda
[AMP] Enabled
[Train] Epoch 1/20
  Batch   18/88 | loss=0.9996 | acc=0.6224
  Batch   36/88 | loss=0.8477 | acc=0.6888
  Batch   54/88 | loss=0.7545 | acc=0.7242
  Batch   72/88 | loss=0.6829 | acc=0.7528
  Batch   88/88 | loss=0.6406 | acc=0.7693
[Epoch 1/20] train_loss=0.6406 train_acc=0.7693 val_loss=0.6701 val_acc=0.7863
[Checkpoint] Saved best model to checkpoints\model1\brain_best_model_gpu_final_v2.pt
[Train] Epoch 2/20
  Batch   18/88 | loss=0.3916 | acc=0.8637
  Batch   36/88 | loss=0.3698 | acc=0.8746
  Batch   54/88 | loss=0.3572 | acc=0.8782
  Batch   72/88 | loss=0.3505 | acc=0.8776
  Batch   88/88 | loss=0.3550 | acc=0.8762
[Epoch 2/20] train_loss=0.3550 train_acc=0.8762 val_loss=0.6191 val_acc=0.7712
[Train] Epoch 3/20
  Batch   18/88 | loss=0.2769 | acc=0.8950
  Batch   36/88 | loss=0.2844 | acc=0.8984
  Batch   54/88 | loss=0.2788 | acc=0.9025
  Batch   72/88 | loss=0.2716 | acc=0.9049
  Batch   88/88 | loss=0.2703 | acc=0.9050
[Epoch 3/20] train_loss=0.2703 train_acc=0.9050 val_loss=0.8609 val_acc=0.7569
[Train] Epoch 4/20
  Batch   18/88 | loss=0.2452 | acc=0.9071
  Batch   36/88 | loss=0.2347 | acc=0.9197
  Batch   54/88 | loss=0.2306 | acc=0.9225
  Batch   72/88 | loss=0.2290 | acc=0.9214
  Batch   88/88 | loss=0.2289 | acc=0.9195
[Epoch 4/20] train_loss=0.2289 train_acc=0.9195 val_loss=0.6309 val_acc=0.8175
[Checkpoint] Saved best model to checkpoints\model1\brain_best_model_gpu_final_v2.pt
[Train] Epoch 5/20
  Batch   18/88 | loss=0.2187 | acc=0.9219
  Batch   36/88 | loss=0.2088 | acc=0.9253
  Batch   54/88 | loss=0.1908 | acc=0.9311
  Batch   72/88 | loss=0.1873 | acc=0.9321
  Batch   88/88 | loss=0.1844 | acc=0.9336
[Epoch 5/20] train_loss=0.1844 train_acc=0.9336 val_loss=0.5919 val_acc=0.8425
[Checkpoint] Saved best model to checkpoints\model1\brain_best_model_gpu_final_v2.pt
[Train] Epoch 6/20
  Batch   18/88 | loss=0.1603 | acc=0.9427
  Batch   36/88 | loss=0.1584 | acc=0.9479
  Batch   54/88 | loss=0.1595 | acc=0.9468
  Batch   72/88 | loss=0.1600 | acc=0.9444
  Batch   88/88 | loss=0.1554 | acc=0.9455
[Epoch 6/20] train_loss=0.1554 train_acc=0.9455 val_loss=0.4989 val_acc=0.8788
[Checkpoint] Saved best model to checkpoints\model1\brain_best_model_gpu_final_v2.pt
[Train] Epoch 7/20
  Batch   18/88 | loss=0.1271 | acc=0.9592
  Batch   36/88 | loss=0.1285 | acc=0.9570
  Batch   54/88 | loss=0.1315 | acc=0.9554
  Batch   72/88 | loss=0.1329 | acc=0.9542
  Batch   88/88 | loss=0.1382 | acc=0.9525
[Epoch 7/20] train_loss=0.1382 train_acc=0.9525 val_loss=0.7352 val_acc=0.8325
[Train] Epoch 8/20
  Batch   18/88 | loss=0.1200 | acc=0.9592
  Batch   36/88 | loss=0.1188 | acc=0.9605
  Batch   54/88 | loss=0.1188 | acc=0.9615
  Batch   72/88 | loss=0.1173 | acc=0.9618
  Batch   88/88 | loss=0.1127 | acc=0.9632
[Epoch 8/20] train_loss=0.1127 train_acc=0.9632 val_loss=0.4391 val_acc=0.8900
[Checkpoint] Saved best model to checkpoints\model1\brain_best_model_gpu_final_v2.pt
[Train] Epoch 9/20
  Batch   18/88 | loss=0.0845 | acc=0.9722
  Batch   36/88 | loss=0.0844 | acc=0.9735
  Batch   54/88 | loss=0.0892 | acc=0.9719
  Batch   72/88 | loss=0.0889 | acc=0.9714
  Batch   88/88 | loss=0.0936 | acc=0.9688
[Epoch 9/20] train_loss=0.0936 train_acc=0.9688 val_loss=0.6344 val_acc=0.8569
[Train] Epoch 10/20
  Batch   18/88 | loss=0.1035 | acc=0.9696
  Batch   36/88 | loss=0.0946 | acc=0.9718
  Batch   54/88 | loss=0.0926 | acc=0.9722
  Batch   72/88 | loss=0.0909 | acc=0.9714
  Batch   88/88 | loss=0.0888 | acc=0.9716
[Epoch 10/20] train_loss=0.0888 train_acc=0.9716 val_loss=0.4497 val_acc=0.8969
[Checkpoint] Saved best model to checkpoints\model1\brain_best_model_gpu_final_v2.pt
[Train] Epoch 11/20
  Batch   18/88 | loss=0.0795 | acc=0.9783
  Batch   36/88 | loss=0.0801 | acc=0.9761
  Batch   54/88 | loss=0.0838 | acc=0.9731
  Batch   72/88 | loss=0.0858 | acc=0.9727
  Batch   88/88 | loss=0.0838 | acc=0.9725
[Epoch 11/20] train_loss=0.0838 train_acc=0.9725 val_loss=0.4131 val_acc=0.9050
[Checkpoint] Saved best model to checkpoints\model1\brain_best_model_gpu_final_v2.pt
[Train] Epoch 12/20
  Batch   18/88 | loss=0.0879 | acc=0.9740
  Batch   36/88 | loss=0.0789 | acc=0.9748
  Batch   54/88 | loss=0.0764 | acc=0.9731
  Batch   72/88 | loss=0.0739 | acc=0.9735
  Batch   88/88 | loss=0.0711 | acc=0.9750
[Epoch 12/20] train_loss=0.0711 train_acc=0.9750 val_loss=0.7510 val_acc=0.8094
[Train] Epoch 13/20
  Batch   18/88 | loss=0.0835 | acc=0.9731
  Batch   36/88 | loss=0.0749 | acc=0.9748
  Batch   54/88 | loss=0.0698 | acc=0.9763
  Batch   72/88 | loss=0.0685 | acc=0.9776
  Batch   88/88 | loss=0.0709 | acc=0.9761
[Epoch 13/20] train_loss=0.0709 train_acc=0.9761 val_loss=0.4006 val_acc=0.9225
[Checkpoint] Saved best model to checkpoints\model1\brain_best_model_gpu_final_v2.pt
[Train] Epoch 14/20
  Batch   18/88 | loss=0.0874 | acc=0.9696
  Batch   36/88 | loss=0.0788 | acc=0.9735
  Batch   54/88 | loss=0.0724 | acc=0.9763
  Batch   72/88 | loss=0.0707 | acc=0.9776
  Batch   88/88 | loss=0.0665 | acc=0.9796
[Epoch 14/20] train_loss=0.0665 train_acc=0.9796 val_loss=0.5619 val_acc=0.9012
[Train] Epoch 15/20
  Batch   18/88 | loss=0.0513 | acc=0.9800
  Batch   36/88 | loss=0.0568 | acc=0.9813
  Batch   54/88 | loss=0.0579 | acc=0.9821
  Batch   72/88 | loss=0.0567 | acc=0.9824
  Batch   88/88 | loss=0.0609 | acc=0.9802
[Epoch 15/20] train_loss=0.0609 train_acc=0.9802 val_loss=0.5916 val_acc=0.8938
[Train] Epoch 16/20
  Batch   18/88 | loss=0.0777 | acc=0.9740
  Batch   36/88 | loss=0.0710 | acc=0.9757
  Batch   54/88 | loss=0.0606 | acc=0.9800
  Batch   72/88 | loss=0.0576 | acc=0.9826
  Batch   88/88 | loss=0.0542 | acc=0.9834
[Epoch 16/20] train_loss=0.0542 train_acc=0.9834 val_loss=0.4875 val_acc=0.9331
[Checkpoint] Saved best model to checkpoints\model1\brain_best_model_gpu_final_v2.pt
[Train] Epoch 17/20
  Batch   18/88 | loss=0.0389 | acc=0.9896
  Batch   36/88 | loss=0.0377 | acc=0.9905
  Batch   54/88 | loss=0.0386 | acc=0.9890
  Batch   72/88 | loss=0.0410 | acc=0.9872
  Batch   88/88 | loss=0.0416 | acc=0.9866
[Epoch 17/20] train_loss=0.0416 train_acc=0.9866 val_loss=0.3980 val_acc=0.9363
[Checkpoint] Saved best model to checkpoints\model1\brain_best_model_gpu_final_v2.pt
[Train] Epoch 18/20
  Batch   18/88 | loss=0.0362 | acc=0.9896
  Batch   36/88 | loss=0.0307 | acc=0.9918
  Batch   54/88 | loss=0.0310 | acc=0.9910
  Batch   72/88 | loss=0.0325 | acc=0.9900
  Batch   88/88 | loss=0.0367 | acc=0.9888
[Epoch 18/20] train_loss=0.0367 train_acc=0.9888 val_loss=0.5073 val_acc=0.9094
[Train] Epoch 19/20
  Batch   18/88 | loss=0.0474 | acc=0.9826
  Batch   36/88 | loss=0.0482 | acc=0.9826
  Batch   54/88 | loss=0.0594 | acc=0.9800
  Batch   72/88 | loss=0.0589 | acc=0.9794
  Batch   88/88 | loss=0.0558 | acc=0.9811
[Epoch 19/20] train_loss=0.0558 train_acc=0.9811 val_loss=0.5594 val_acc=0.9062
[Train] Epoch 20/20
  Batch   18/88 | loss=0.0402 | acc=0.9896
  Batch   36/88 | loss=0.0366 | acc=0.9905
  Batch   54/88 | loss=0.0359 | acc=0.9910
  Batch   72/88 | loss=0.0367 | acc=0.9891
  Batch   88/88 | loss=0.0375 | acc=0.9889
[Epoch 20/20] train_loss=0.0375 train_acc=0.9889 val_loss=0.3514 val_acc=0.9375
[Checkpoint] Saved best model to checkpoints\model1\brain_best_model_gpu_final_v2.pt
[Done] Training complete
[Done] Best epoch: 20
[Done] Best validation accuracy: 0.9375
[Done] History CSV: outputs\training\brain_mri_gpu_final_v2\brain_training_history.csv
[Done] Metrics JSON: outputs\training\brain_mri_gpu_final_v2\brain_metrics.json
[Done] Confusion matrix: outputs\training\brain_mri_gpu_final_v2\brain_confusion_matrix.png
[Done] Loss curve: outputs\training\brain_mri_gpu_final_v2\brain_loss_curve.png
[Done] Accuracy curve: outputs\training\brain_mri_gpu_final_v2\brain_accuracy_curve.png
